2022-05-28 16:58:22,832 [DEBUG] - Attempting serial connection.
2022-05-28 16:58:22,839 [DEBUG] - Serial connection successful.
2022-05-28 16:58:22,839 [DEBUG] - Attempting controller connection.
2022-05-28 16:58:22,846 [DEBUG] - Controller connection successful.
2022-05-28 16:58:22,846 [DEBUG] - Listening for input to transmit.
2022-05-28 16:58:28,065 [DEBUG] - PACKET 1 TRANSMITTED --- Packet Data: [80 7f 80 7e 02 00 00 ff]
2022-05-28 16:58:28,167 [DEBUG] - PACKET 2 TRANSMITTED --- Packet Data: [80 7f 80 7e 08 00 00 ff]
2022-05-28 16:58:28,691 [DEBUG] - PACKET 3 TRANSMITTED --- Packet Data: [80 7f 80 7e 02 00 00 ff]
2022-05-28 16:58:28,787 [DEBUG] - PACKET 4 TRANSMITTED --- Packet Data: [80 7f 80 7e 08 00 00 ff]
2022-05-28 16:58:29,253 [DEBUG] - PACKET 5 TRANSMITTED --- Packet Data: [80 7f 80 7e 02 00 00 ff]
2022-05-28 16:58:29,944 [DEBUG] - PACKET 6 TRANSMITTED --- Packet Data: [80 7f 80 7e 08 00 00 ff]
2022-05-28 16:58:30,403 [DEBUG] - PACKET 7 TRANSMITTED --- Packet Data: [80 7f 80 8b 08 00 00 ff]
2022-05-28 16:58:30,457 [DEBUG] - PACKET 8 TRANSMITTED --- Packet Data: [80 7f 80 96 08 00 00 ff]
2022-05-28 16:58:30,509 [DEBUG] - PACKET 9 TRANSMITTED --- Packet Data: [80 7f 80 a5 08 00 00 ff]
2022-05-28 16:58:30,560 [DEBUG] - PACKET 10 TRANSMITTED --- Packet Data: [80 7f 80 b5 08 00 00 ff]
2022-05-28 16:58:30,613 [DEBUG] - PACKET 11 TRANSMITTED --- Packet Data: [80 7f 80 c5 08 00 00 ff]
2022-05-28 16:58:30,664 [DEBUG] - PACKET 12 TRANSMITTED --- Packet Data: [80 7f 56 ff 08 00 00 ff]
2022-05-28 16:58:30,717 [DEBUG] - PACKET 13 TRANSMITTED --- Packet Data: [80 7f 18 ff 08 00 00 ff]
2022-05-28 16:58:30,773 [DEBUG] - PACKET 14 TRANSMITTED --- Packet Data: [80 7f 0d ab 08 00 00 ff]
2022-05-28 16:58:30,825 [DEBUG] - PACKET 15 TRANSMITTED --- Packet Data: [80 7f 25 7a 08 00 00 ff]
2022-05-28 16:58:30,881 [DEBUG] - PACKET 16 TRANSMITTED --- Packet Data: [80 7f 25 76 08 00 00 ff]
2022-05-28 16:58:30,933 [DEBUG] - PACKET 17 TRANSMITTED --- Packet Data: [80 7f 2c 76 08 00 00 ff]
2022-05-28 16:58:30,987 [DEBUG] - PACKET 18 TRANSMITTED --- Packet Data: [80 7f 2c 73 08 00 00 ff]
2022-05-28 16:58:31,042 [DEBUG] - PACKET 19 TRANSMITTED --- Packet Data: [80 7f 32 6d 08 00 00 ff]
2022-05-28 16:58:31,092 [DEBUG] - PACKET 20 TRANSMITTED --- Packet Data: [80 7f 36 6d 08 00 00 ff]
2022-05-28 16:58:31,144 [DEBUG] - PACKET 21 TRANSMITTED --- Packet Data: [80 7f 36 68 08 00 00 ff]
2022-05-28 16:58:31,195 [DEBUG] - PACKET 22 TRANSMITTED --- Packet Data: [80 7f 3b 68 08 00 00 ff]
2022-05-28 16:58:31,245 [DEBUG] - PACKET 23 TRANSMITTED --- Packet Data: [80 7f 3b 62 08 00 00 ff]
2022-05-28 16:58:31,297 [DEBUG] - PACKET 24 TRANSMITTED --- Packet Data: [80 7f 41 62 08 00 00 ff]
2022-05-28 16:58:31,350 [DEBUG] - PACKET 25 TRANSMITTED --- Packet Data: [80 7f 41 5c 08 00 00 ff]
2022-05-28 16:58:31,403 [DEBUG] - PACKET 26 TRANSMITTED --- Packet Data: [80 7f 48 5c 08 00 00 ff]
2022-05-28 16:58:31,454 [DEBUG] - PACKET 27 TRANSMITTED --- Packet Data: [80 7f 48 56 08 00 00 ff]
2022-05-28 16:58:31,507 [DEBUG] - PACKET 28 TRANSMITTED --- Packet Data: [80 7f 50 56 08 00 00 ff]
2022-05-28 16:58:31,562 [DEBUG] - PACKET 29 TRANSMITTED --- Packet Data: [80 7f 50 52 08 00 00 ff]
2022-05-28 16:58:31,613 [DEBUG] - PACKET 30 TRANSMITTED --- Packet Data: [80 7f 59 52 08 00 00 ff]
2022-05-28 16:58:31,664 [DEBUG] - PACKET 31 TRANSMITTED --- Packet Data: [80 7f 59 4f 08 00 00 ff]
2022-05-28 16:58:31,715 [DEBUG] - PACKET 32 TRANSMITTED --- Packet Data: [80 7f 62 4f 08 00 00 ff]
2022-05-28 16:58:31,767 [DEBUG] - PACKET 33 TRANSMITTED --- Packet Data: [80 7f 69 4c 08 00 00 ff]
2022-05-28 16:58:31,818 [DEBUG] - PACKET 34 TRANSMITTED --- Packet Data: [80 7f 70 4c 08 00 00 ff]
2022-05-28 16:58:31,874 [DEBUG] - PACKET 35 TRANSMITTED --- Packet Data: [80 7f 70 57 08 00 00 ff]
2022-05-28 16:58:31,929 [DEBUG] - PACKET 36 TRANSMITTED --- Packet Data: [80 7f 76 57 08 00 00 ff]
2022-05-28 16:58:31,984 [DEBUG] - PACKET 37 TRANSMITTED --- Packet Data: [80 7f 76 5d 08 00 00 ff]
2022-05-28 16:58:32,037 [DEBUG] - PACKET 38 TRANSMITTED --- Packet Data: [80 7f 7b 5d 08 00 00 ff]
2022-05-28 16:58:32,089 [DEBUG] - PACKET 39 TRANSMITTED --- Packet Data: [80 7f 7b 64 08 00 00 ff]
2022-05-28 16:58:32,142 [DEBUG] - PACKET 40 TRANSMITTED --- Packet Data: [80 7f 7e 64 08 00 00 ff]
2022-05-28 16:58:32,195 [DEBUG] - PACKET 41 TRANSMITTED --- Packet Data: [80 7f 7e 6c 08 00 00 ff]
2022-05-28 16:58:32,250 [DEBUG] - PACKET 42 TRANSMITTED --- Packet Data: [80 7f 7f 6c 08 00 00 ff]
2022-05-28 16:58:32,303 [DEBUG] - PACKET 43 TRANSMITTED --- Packet Data: [80 7f 7f 72 08 00 00 ff]
2022-05-28 16:58:32,356 [DEBUG] - PACKET 44 TRANSMITTED --- Packet Data: [80 7f 80 72 08 00 00 ff]
2022-05-28 16:58:32,409 [DEBUG] - PACKET 45 TRANSMITTED --- Packet Data: [80 7f 80 79 08 00 00 ff]
2022-05-28 16:58:32,459 [DEBUG] - PACKET 46 TRANSMITTED --- Packet Data: [80 7f 80 7f 08 00 00 ff]
